<?xml version="1.0" encoding="UTF-8"?>
<testsuite name="behavior.StarbucksCoffee" tests="1" skipped="0" failures="0" errors="0" timestamp="2023-03-03T12:17:39" hostname="DESKTOP-PGIFE4T" time="0.046">
  <properties/>
  <testcase name="커피생성 테스트" classname="behavior.StarbucksCoffee" time="0.046"/>
  <system-out><![CDATA[Espresso $1.99
Espresso, Mocha $2.19
]]></system-out>
  <system-err><![CDATA[]]></system-err>
</testsuite>
